[debug] [2024-01-07T13:11:09.065Z] ----------------------------------------------------------------------
[debug] [2024-01-07T13:11:09.067Z] Command:       C:\Program Files\nodejs\node.exe C:\Users\DELL\AppData\Roaming\npm\node_modules\firebase-tools\lib\bin\firebase.js init
[debug] [2024-01-07T13:11:09.067Z] CLI Version:   13.0.2
[debug] [2024-01-07T13:11:09.068Z] Platform:      win32
[debug] [2024-01-07T13:11:09.068Z] Node Version:  v18.15.0
[debug] [2024-01-07T13:11:09.070Z] Time:          Sun Jan 07 2024 15:11:09 GMT+0200 (שעון ישראל (חורף))
[debug] [2024-01-07T13:11:09.070Z] ----------------------------------------------------------------------
[debug] 
[debug] [2024-01-07T13:11:09.079Z] > command requires scopes: ["email","openid","https://www.googleapis.com/auth/cloudplatformprojects.readonly","https://www.googleapis.com/auth/firebase","https://www.googleapis.com/auth/cloud-platform"]
[debug] [2024-01-07T13:11:09.079Z] > authorizing via signed-in user (razi.bracha@gmail.com)
[info] 
     ######## #### ########  ######## ########     ###     ######  ########
     ##        ##  ##     ## ##       ##     ##  ##   ##  ##       ##
     ######    ##  ########  ######   ########  #########  ######  ######
     ##        ##  ##    ##  ##       ##     ## ##     ##       ## ##
     ##       #### ##     ## ######## ########  ##     ##  ######  ########

You're about to initialize a Firebase project in this directory:

  D:\Users\DELL\Desktop\React app\Raz-Bracha-1

[info] 
=== Project Setup
[info] 
[info] First, let's associate this project directory with a Firebase project.
[info] You can create multiple project aliases by running firebase use --add, 
[info] but for now we'll just set up a default project.
[info] 
[debug] [2024-01-07T13:11:29.241Z] >>> [apiv2][query] GET https://firebase.googleapis.com/v1beta1/projects pageSize=100
[debug] [2024-01-07T13:11:29.792Z] <<< [apiv2][status] GET https://firebase.googleapis.com/v1beta1/projects 200
[debug] [2024-01-07T13:11:29.793Z] <<< [apiv2][body] GET https://firebase.googleapis.com/v1beta1/projects [omitted]
[info] i  Using project myweb-52311 (MyWeb) 
[info] 
=== Hosting Setup
[debug] [2024-01-07T13:11:30.528Z] >>> [apiv2][query] GET https://firebase.googleapis.com/v1beta1/projects/myweb-52311 [none]
[debug] [2024-01-07T13:11:30.858Z] <<< [apiv2][status] GET https://firebase.googleapis.com/v1beta1/projects/myweb-52311 200
[debug] [2024-01-07T13:11:30.859Z] <<< [apiv2][body] GET https://firebase.googleapis.com/v1beta1/projects/myweb-52311 {"projectId":"myweb-52311","projectNumber":"373520158488","displayName":"MyWeb","name":"projects/myweb-52311","resources":{"hostingSite":"myweb-52311"},"state":"ACTIVE","etag":"1_d126ac33-34a6-42ca-92ed-c7529e1232df"}
[info] 
[info] Your public directory is the folder (relative to your project directory) that
[info] will contain Hosting assets to be uploaded with firebase deploy. If you
[info] have a build process for your assets, use your build's output directory.
[info] 
[debug] [2024-01-07T13:11:49.533Z] >>> [apiv2][query] GET https://www.gstatic.com/firebasejs/releases.json [none]
[debug] [2024-01-07T13:11:49.645Z] <<< [apiv2][status] GET https://www.gstatic.com/firebasejs/releases.json 200
[debug] [2024-01-07T13:11:49.645Z] <<< [apiv2][body] GET https://www.gstatic.com/firebasejs/releases.json {"current":{"version":"10.7.1","browserURL":"https://www.gstatic.com/firebasejs/10.7.1/firebase.js","packageURL":"https://www.gstatic.com/firebasejs/10.7.1/firebase.tgz"},"live":{"version":"10.7","browserURL":"https://www.gstatic.com/firebasejs/live/10.7/firebase.js","packageURL":"https://www.gstatic.com/firebasejs/live/10.7/firebase.tgz"},"components":{"analytics":"https://www.gstatic.com/firebasejs/10.7.1/firebase-analytics.js","app":"https://www.gstatic.com/firebasejs/10.7.1/firebase-app.js","app-check":"https://www.gstatic.com/firebasejs/10.7.1/firebase-app-check.js","auth":"https://www.gstatic.com/firebasejs/10.7.1/firebase-auth.js","auth/cordova":"https://www.gstatic.com/firebasejs/10.7.1/firebase-auth/cordova.js","functions":"https://www.gstatic.com/firebasejs/10.7.1/firebase-functions.js","firestore":"https://www.gstatic.com/firebasejs/10.7.1/firebase-firestore.js","firestore/lite":"https://www.gstatic.com/firebasejs/10.7.1/firebase-firestore/lite.js","installations":"https://www.gstatic.com/firebasejs/10.7.1/firebase-installations.js","storage":"https://www.gstatic.com/firebasejs/10.7.1/firebase-storage.js","performance":"https://www.gstatic.com/firebasejs/10.7.1/firebase-performance.js","remote-config":"https://www.gstatic.com/firebasejs/10.7.1/firebase-remote-config.js","messaging":"https://www.gstatic.com/firebasejs/10.7.1/firebase-messaging.js","messaging/sw":"https://www.gstatic.com/firebasejs/10.7.1/firebase-messaging/sw.js","database":"https://www.gstatic.com/firebasejs/10.7.1/firebase-database.js","firestore.memory":"https://www.gstatic.com/firebasejs/10.7.1/firebase-firestore.memory.js"}}
[info] i  Skipping write of public/index.html 
[info] 
[info] i  Detected a .git folder at D:\Users\DELL\Desktop\React app\Raz-Bracha-1 
[info] i  Authorizing with GitHub to upload your service account to a GitHub repository's secrets store. 
[info] 
[info] Visit this URL on this device to log in:
[info] https://github.com/login/oauth/authorize?client_id=89cf50f02ac6aaed3484&state=560854869&redirect_uri=http%3A%2F%2Flocalhost%3A9005&scope=read%3Auser%20repo%20public_repo
[info] 
[info] Waiting for authentication...
[debug] [2024-01-07T13:11:59.307Z] >>> [apiv2][query] POST https://github.com/login/oauth/access_token [none]
[debug] [2024-01-07T13:11:59.307Z] >>> [apiv2][body] POST https://github.com/login/oauth/access_token [stream]
[debug] [2024-01-07T13:11:59.735Z] <<< [apiv2][status] POST https://github.com/login/oauth/access_token 200
[debug] [2024-01-07T13:11:59.736Z] <<< [apiv2][body] POST https://github.com/login/oauth/access_token {"access_token":"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","token_type":"bearer","scope":"read:user,repo"}
[debug] [2024-01-07T13:11:59.780Z] >>> [apiv2][query] GET https://api.github.com/user [none]
[debug] [2024-01-07T13:12:00.195Z] <<< [apiv2][status] GET https://api.github.com/user 200
[debug] [2024-01-07T13:12:00.196Z] <<< [apiv2][body] GET https://api.github.com/user {"login":"RazBracha","id":100145330,"node_id":"U_kgDOBfgYsg","avatar_url":"https://avatars.githubusercontent.com/u/100145330?v=4","gravatar_id":"","url":"https://api.github.com/users/RazBracha","html_url":"https://github.com/RazBracha","followers_url":"https://api.github.com/users/RazBracha/followers","following_url":"https://api.github.com/users/RazBracha/following{/other_user}","gists_url":"https://api.github.com/users/RazBracha/gists{/gist_id}","starred_url":"https://api.github.com/users/RazBracha/starred{/owner}{/repo}","subscriptions_url":"https://api.github.com/users/RazBracha/subscriptions","organizations_url":"https://api.github.com/users/RazBracha/orgs","repos_url":"https://api.github.com/users/RazBracha/repos","events_url":"https://api.github.com/users/RazBracha/events{/privacy}","received_events_url":"https://api.github.com/users/RazBracha/received_events","type":"User","site_admin":false,"name":"Raz Bracha","company":null,"blog":"","location":null,"email":null,"hireable":null,"bio":"Software engineer","twitter_username":null,"public_repos":12,"public_gists":0,"followers":0,"following":0,"created_at":"2022-02-21T14:51:12Z","updated_at":"2024-01-06T17:14:24Z","private_gists":0,"total_private_repos":2,"owned_private_repos":2,"disk_usage":21288,"collaborators":2,"two_factor_authentication":false,"plan":{"name":"free","space":976562499,"collaborators":0,"private_repos":10000}}
[info] 
[info] +  Success! Logged into GitHub as RazBracha 
[info] 
[debug] [2024-01-07T13:12:27.021Z] >>> [apiv2][query] GET https://api.github.com/repos/repository/actions/secrets/public-key type=owner
[debug] [2024-01-07T13:12:27.374Z] <<< [apiv2][status] GET https://api.github.com/repos/repository/actions/secrets/public-key 404
[debug] [2024-01-07T13:12:27.374Z] <<< [apiv2][body] GET https://api.github.com/repos/repository/actions/secrets/public-key {"message":"Not Found","documentation_url":"https://docs.github.com/rest"}
[info] 
[info] 
[error] !  The provided authorization cannot be used with this repository. If this repository is in an organization, did you remember to grant access? 
[info] 
[info] i  Action required: Visit this URL to ensure access has been granted to the appropriate organization(s) for the Firebase CLI GitHub OAuth App: 
[info] https://github.com/settings/connections/applications/89cf50f02ac6aaed3484
[info] 
[debug] [2024-01-07T13:13:43.186Z] ----------------------------------------------------------------------
[debug] [2024-01-07T13:13:43.188Z] Command:       C:\Program Files\nodejs\node.exe C:\Users\DELL\AppData\Roaming\npm\node_modules\firebase-tools\lib\bin\firebase.js init
[debug] [2024-01-07T13:13:43.188Z] CLI Version:   13.0.2
[debug] [2024-01-07T13:13:43.189Z] Platform:      win32
[debug] [2024-01-07T13:13:43.189Z] Node Version:  v18.15.0
[debug] [2024-01-07T13:13:43.191Z] Time:          Sun Jan 07 2024 15:13:43 GMT+0200 (שעון ישראל (חורף))
[debug] [2024-01-07T13:13:43.191Z] ----------------------------------------------------------------------
[debug] 
[debug] [2024-01-07T13:13:43.200Z] > command requires scopes: ["email","openid","https://www.googleapis.com/auth/cloudplatformprojects.readonly","https://www.googleapis.com/auth/firebase","https://www.googleapis.com/auth/cloud-platform"]
[debug] [2024-01-07T13:13:43.201Z] > authorizing via signed-in user (razi.bracha@gmail.com)
[info] 
     ######## #### ########  ######## ########     ###     ######  ########
     ##        ##  ##     ## ##       ##     ##  ##   ##  ##       ##
     ######    ##  ########  ######   ########  #########  ######  ######
     ##        ##  ##    ##  ##       ##     ## ##     ##       ## ##
     ##       #### ##     ## ######## ########  ##     ##  ######  ########

You're about to initialize a Firebase project in this directory:

  D:\Users\DELL\Desktop\React app\Raz-Bracha-1

[info] 
=== Project Setup
[info] 
[info] First, let's associate this project directory with a Firebase project.
[info] You can create multiple project aliases by running firebase use --add, 
[info] but for now we'll just set up a default project.
[info] 
[debug] [2024-01-07T13:13:51.757Z] >>> [apiv2][query] GET https://firebase.googleapis.com/v1beta1/projects pageSize=100
[debug] [2024-01-07T13:13:52.319Z] <<< [apiv2][status] GET https://firebase.googleapis.com/v1beta1/projects 200
[debug] [2024-01-07T13:13:52.320Z] <<< [apiv2][body] GET https://firebase.googleapis.com/v1beta1/projects [omitted]
[info] i  Using project myweb-52311 (MyWeb) 
[info] 
=== Hosting Setup
[debug] [2024-01-07T13:13:54.715Z] >>> [apiv2][query] GET https://firebase.googleapis.com/v1beta1/projects/myweb-52311 [none]
[debug] [2024-01-07T13:13:55.016Z] <<< [apiv2][status] GET https://firebase.googleapis.com/v1beta1/projects/myweb-52311 200
[debug] [2024-01-07T13:13:55.017Z] <<< [apiv2][body] GET https://firebase.googleapis.com/v1beta1/projects/myweb-52311 {"projectId":"myweb-52311","projectNumber":"373520158488","displayName":"MyWeb","name":"projects/myweb-52311","resources":{"hostingSite":"myweb-52311"},"state":"ACTIVE","etag":"1_d126ac33-34a6-42ca-92ed-c7529e1232df"}
[info] 
[info] Your public directory is the folder (relative to your project directory) that
[info] will contain Hosting assets to be uploaded with firebase deploy. If you
[info] have a build process for your assets, use your build's output directory.
[info] 
[debug] [2024-01-07T13:14:03.926Z] >>> [apiv2][query] GET https://www.gstatic.com/firebasejs/releases.json [none]
[debug] [2024-01-07T13:14:04.014Z] <<< [apiv2][status] GET https://www.gstatic.com/firebasejs/releases.json 200
[debug] [2024-01-07T13:14:04.015Z] <<< [apiv2][body] GET https://www.gstatic.com/firebasejs/releases.json {"current":{"version":"10.7.1","browserURL":"https://www.gstatic.com/firebasejs/10.7.1/firebase.js","packageURL":"https://www.gstatic.com/firebasejs/10.7.1/firebase.tgz"},"live":{"version":"10.7","browserURL":"https://www.gstatic.com/firebasejs/live/10.7/firebase.js","packageURL":"https://www.gstatic.com/firebasejs/live/10.7/firebase.tgz"},"components":{"analytics":"https://www.gstatic.com/firebasejs/10.7.1/firebase-analytics.js","app":"https://www.gstatic.com/firebasejs/10.7.1/firebase-app.js","app-check":"https://www.gstatic.com/firebasejs/10.7.1/firebase-app-check.js","auth":"https://www.gstatic.com/firebasejs/10.7.1/firebase-auth.js","auth/cordova":"https://www.gstatic.com/firebasejs/10.7.1/firebase-auth/cordova.js","functions":"https://www.gstatic.com/firebasejs/10.7.1/firebase-functions.js","firestore":"https://www.gstatic.com/firebasejs/10.7.1/firebase-firestore.js","firestore/lite":"https://www.gstatic.com/firebasejs/10.7.1/firebase-firestore/lite.js","installations":"https://www.gstatic.com/firebasejs/10.7.1/firebase-installations.js","storage":"https://www.gstatic.com/firebasejs/10.7.1/firebase-storage.js","performance":"https://www.gstatic.com/firebasejs/10.7.1/firebase-performance.js","remote-config":"https://www.gstatic.com/firebasejs/10.7.1/firebase-remote-config.js","messaging":"https://www.gstatic.com/firebasejs/10.7.1/firebase-messaging.js","messaging/sw":"https://www.gstatic.com/firebasejs/10.7.1/firebase-messaging/sw.js","database":"https://www.gstatic.com/firebasejs/10.7.1/firebase-database.js","firestore.memory":"https://www.gstatic.com/firebasejs/10.7.1/firebase-firestore.memory.js"}}
[info] +  Wrote private/index.html 
[info] 
[info] i  Detected a .git folder at D:\Users\DELL\Desktop\React app\Raz-Bracha-1 
[info] i  Authorizing with GitHub to upload your service account to a GitHub repository's secrets store. 
[info] 
[info] Visit this URL on this device to log in:
[info] https://github.com/login/oauth/authorize?client_id=89cf50f02ac6aaed3484&state=1060912915&redirect_uri=http%3A%2F%2Flocalhost%3A9005&scope=read%3Auser%20repo%20public_repo
[info] 
[info] Waiting for authentication...
[debug] [2024-01-07T13:14:04.704Z] >>> [apiv2][query] POST https://github.com/login/oauth/access_token [none]
[debug] [2024-01-07T13:14:04.704Z] >>> [apiv2][body] POST https://github.com/login/oauth/access_token [stream]
[debug] [2024-01-07T13:14:05.094Z] <<< [apiv2][status] POST https://github.com/login/oauth/access_token 200
[debug] [2024-01-07T13:14:05.095Z] <<< [apiv2][body] POST https://github.com/login/oauth/access_token {"access_token":"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","token_type":"bearer","scope":"read:user,repo"}
[debug] [2024-01-07T13:14:05.105Z] >>> [apiv2][query] GET https://api.github.com/user [none]
[debug] [2024-01-07T13:14:05.527Z] <<< [apiv2][status] GET https://api.github.com/user 200
[debug] [2024-01-07T13:14:05.528Z] <<< [apiv2][body] GET https://api.github.com/user {"login":"RazBracha","id":100145330,"node_id":"U_kgDOBfgYsg","avatar_url":"https://avatars.githubusercontent.com/u/100145330?v=4","gravatar_id":"","url":"https://api.github.com/users/RazBracha","html_url":"https://github.com/RazBracha","followers_url":"https://api.github.com/users/RazBracha/followers","following_url":"https://api.github.com/users/RazBracha/following{/other_user}","gists_url":"https://api.github.com/users/RazBracha/gists{/gist_id}","starred_url":"https://api.github.com/users/RazBracha/starred{/owner}{/repo}","subscriptions_url":"https://api.github.com/users/RazBracha/subscriptions","organizations_url":"https://api.github.com/users/RazBracha/orgs","repos_url":"https://api.github.com/users/RazBracha/repos","events_url":"https://api.github.com/users/RazBracha/events{/privacy}","received_events_url":"https://api.github.com/users/RazBracha/received_events","type":"User","site_admin":false,"name":"Raz Bracha","company":null,"blog":"","location":null,"email":null,"hireable":null,"bio":"Software engineer","twitter_username":null,"public_repos":12,"public_gists":0,"followers":0,"following":0,"created_at":"2022-02-21T14:51:12Z","updated_at":"2024-01-06T17:14:24Z","private_gists":0,"total_private_repos":2,"owned_private_repos":2,"disk_usage":21288,"collaborators":2,"two_factor_authentication":false,"plan":{"name":"free","space":976562499,"collaborators":0,"private_repos":10000}}
[info] 
[info] +  Success! Logged into GitHub as RazBracha 
[info] 
[debug] [2024-01-07T13:14:14.488Z] >>> [apiv2][query] GET https://api.github.com/repos/repository/actions/secrets/public-key type=owner
[debug] [2024-01-07T13:14:14.839Z] <<< [apiv2][status] GET https://api.github.com/repos/repository/actions/secrets/public-key 404
[debug] [2024-01-07T13:14:14.839Z] <<< [apiv2][body] GET https://api.github.com/repos/repository/actions/secrets/public-key {"message":"Not Found","documentation_url":"https://docs.github.com/rest"}
[info] 
[info] 
[error] !  The provided authorization cannot be used with this repository. If this repository is in an organization, did you remember to grant access? 
[info] 
[info] i  Action required: Visit this URL to ensure access has been granted to the appropriate organization(s) for the Firebase CLI GitHub OAuth App: 
[info] https://github.com/settings/connections/applications/89cf50f02ac6aaed3484
[info] 
[debug] [2024-01-07T13:15:39.911Z] ----------------------------------------------------------------------
[debug] [2024-01-07T13:15:39.913Z] Command:       C:\Program Files\nodejs\node.exe C:\Users\DELL\AppData\Roaming\npm\node_modules\firebase-tools\lib\bin\firebase.js init
[debug] [2024-01-07T13:15:39.913Z] CLI Version:   13.0.2
[debug] [2024-01-07T13:15:39.913Z] Platform:      win32
[debug] [2024-01-07T13:15:39.914Z] Node Version:  v18.15.0
[debug] [2024-01-07T13:15:39.916Z] Time:          Sun Jan 07 2024 15:15:39 GMT+0200 (שעון ישראל (חורף))
[debug] [2024-01-07T13:15:39.916Z] ----------------------------------------------------------------------
[debug] 
[debug] [2024-01-07T13:15:39.925Z] > command requires scopes: ["email","openid","https://www.googleapis.com/auth/cloudplatformprojects.readonly","https://www.googleapis.com/auth/firebase","https://www.googleapis.com/auth/cloud-platform"]
[debug] [2024-01-07T13:15:39.926Z] > authorizing via signed-in user (razi.bracha@gmail.com)
[info] 
     ######## #### ########  ######## ########     ###     ######  ########
     ##        ##  ##     ## ##       ##     ##  ##   ##  ##       ##
     ######    ##  ########  ######   ########  #########  ######  ######
     ##        ##  ##    ##  ##       ##     ## ##     ##       ## ##
     ##       #### ##     ## ######## ########  ##     ##  ######  ########

You're about to initialize a Firebase project in this directory:

  D:\Users\DELL\Desktop\React app\Raz-Bracha-1

[info] 
=== Project Setup
[info] 
[info] First, let's associate this project directory with a Firebase project.
[info] You can create multiple project aliases by running firebase use --add, 
[info] but for now we'll just set up a default project.
[info] 
[debug] [2024-01-07T13:15:49.913Z] >>> [apiv2][query] GET https://firebase.googleapis.com/v1beta1/projects pageSize=100
[debug] [2024-01-07T13:15:50.427Z] <<< [apiv2][status] GET https://firebase.googleapis.com/v1beta1/projects 200
[debug] [2024-01-07T13:15:50.427Z] <<< [apiv2][body] GET https://firebase.googleapis.com/v1beta1/projects [omitted]
[info] i  Using project myweb-52311 (MyWeb) 
[info] 
=== Hosting Setup
[debug] [2024-01-07T13:15:51.713Z] >>> [apiv2][query] GET https://firebase.googleapis.com/v1beta1/projects/myweb-52311 [none]
[debug] [2024-01-07T13:15:52.015Z] <<< [apiv2][status] GET https://firebase.googleapis.com/v1beta1/projects/myweb-52311 200
[debug] [2024-01-07T13:15:52.015Z] <<< [apiv2][body] GET https://firebase.googleapis.com/v1beta1/projects/myweb-52311 {"projectId":"myweb-52311","projectNumber":"373520158488","displayName":"MyWeb","name":"projects/myweb-52311","resources":{"hostingSite":"myweb-52311"},"state":"ACTIVE","etag":"1_d126ac33-34a6-42ca-92ed-c7529e1232df"}
[info] 
[info] Your public directory is the folder (relative to your project directory) that
[info] will contain Hosting assets to be uploaded with firebase deploy. If you
[info] have a build process for your assets, use your build's output directory.
[info] 
[debug] [2024-01-07T13:16:01.903Z] >>> [apiv2][query] GET https://www.gstatic.com/firebasejs/releases.json [none]
[debug] [2024-01-07T13:16:01.998Z] <<< [apiv2][status] GET https://www.gstatic.com/firebasejs/releases.json 200
[debug] [2024-01-07T13:16:01.998Z] <<< [apiv2][body] GET https://www.gstatic.com/firebasejs/releases.json {"current":{"version":"10.7.1","browserURL":"https://www.gstatic.com/firebasejs/10.7.1/firebase.js","packageURL":"https://www.gstatic.com/firebasejs/10.7.1/firebase.tgz"},"live":{"version":"10.7","browserURL":"https://www.gstatic.com/firebasejs/live/10.7/firebase.js","packageURL":"https://www.gstatic.com/firebasejs/live/10.7/firebase.tgz"},"components":{"analytics":"https://www.gstatic.com/firebasejs/10.7.1/firebase-analytics.js","app":"https://www.gstatic.com/firebasejs/10.7.1/firebase-app.js","app-check":"https://www.gstatic.com/firebasejs/10.7.1/firebase-app-check.js","auth":"https://www.gstatic.com/firebasejs/10.7.1/firebase-auth.js","auth/cordova":"https://www.gstatic.com/firebasejs/10.7.1/firebase-auth/cordova.js","functions":"https://www.gstatic.com/firebasejs/10.7.1/firebase-functions.js","firestore":"https://www.gstatic.com/firebasejs/10.7.1/firebase-firestore.js","firestore/lite":"https://www.gstatic.com/firebasejs/10.7.1/firebase-firestore/lite.js","installations":"https://www.gstatic.com/firebasejs/10.7.1/firebase-installations.js","storage":"https://www.gstatic.com/firebasejs/10.7.1/firebase-storage.js","performance":"https://www.gstatic.com/firebasejs/10.7.1/firebase-performance.js","remote-config":"https://www.gstatic.com/firebasejs/10.7.1/firebase-remote-config.js","messaging":"https://www.gstatic.com/firebasejs/10.7.1/firebase-messaging.js","messaging/sw":"https://www.gstatic.com/firebasejs/10.7.1/firebase-messaging/sw.js","database":"https://www.gstatic.com/firebasejs/10.7.1/firebase-database.js","firestore.memory":"https://www.gstatic.com/firebasejs/10.7.1/firebase-firestore.memory.js"}}
[info] i  Skipping write of public/index.html 
[info] 
[info] i  Detected a .git folder at D:\Users\DELL\Desktop\React app\Raz-Bracha-1 
[info] i  Authorizing with GitHub to upload your service account to a GitHub repository's secrets store. 
[info] 
[info] Visit this URL on this device to log in:
[info] https://github.com/login/oauth/authorize?client_id=89cf50f02ac6aaed3484&state=878561926&redirect_uri=http%3A%2F%2Flocalhost%3A9005&scope=read%3Auser%20repo%20public_repo
[info] 
[info] Waiting for authentication...
[debug] [2024-01-07T13:16:04.102Z] >>> [apiv2][query] POST https://github.com/login/oauth/access_token [none]
[debug] [2024-01-07T13:16:04.103Z] >>> [apiv2][body] POST https://github.com/login/oauth/access_token [stream]
[debug] [2024-01-07T13:16:04.493Z] <<< [apiv2][status] POST https://github.com/login/oauth/access_token 200
[debug] [2024-01-07T13:16:04.494Z] <<< [apiv2][body] POST https://github.com/login/oauth/access_token {"access_token":"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","token_type":"bearer","scope":"read:user,repo"}
[debug] [2024-01-07T13:16:04.527Z] >>> [apiv2][query] GET https://api.github.com/user [none]
[debug] [2024-01-07T13:16:04.938Z] <<< [apiv2][status] GET https://api.github.com/user 200
[debug] [2024-01-07T13:16:04.938Z] <<< [apiv2][body] GET https://api.github.com/user {"login":"RazBracha","id":100145330,"node_id":"U_kgDOBfgYsg","avatar_url":"https://avatars.githubusercontent.com/u/100145330?v=4","gravatar_id":"","url":"https://api.github.com/users/RazBracha","html_url":"https://github.com/RazBracha","followers_url":"https://api.github.com/users/RazBracha/followers","following_url":"https://api.github.com/users/RazBracha/following{/other_user}","gists_url":"https://api.github.com/users/RazBracha/gists{/gist_id}","starred_url":"https://api.github.com/users/RazBracha/starred{/owner}{/repo}","subscriptions_url":"https://api.github.com/users/RazBracha/subscriptions","organizations_url":"https://api.github.com/users/RazBracha/orgs","repos_url":"https://api.github.com/users/RazBracha/repos","events_url":"https://api.github.com/users/RazBracha/events{/privacy}","received_events_url":"https://api.github.com/users/RazBracha/received_events","type":"User","site_admin":false,"name":"Raz Bracha","company":null,"blog":"","location":null,"email":null,"hireable":null,"bio":"Software engineer","twitter_username":null,"public_repos":12,"public_gists":0,"followers":0,"following":0,"created_at":"2022-02-21T14:51:12Z","updated_at":"2024-01-06T17:14:24Z","private_gists":0,"total_private_repos":2,"owned_private_repos":2,"disk_usage":21288,"collaborators":2,"two_factor_authentication":false,"plan":{"name":"free","space":976562499,"collaborators":0,"private_repos":10000}}
[info] 
[info] +  Success! Logged into GitHub as RazBracha 
[info] 
[debug] [2024-01-07T13:16:12.480Z] >>> [apiv2][query] GET https://api.github.com/repos/repository/actions/secrets/public-key type=owner
[debug] [2024-01-07T13:16:12.854Z] <<< [apiv2][status] GET https://api.github.com/repos/repository/actions/secrets/public-key 404
[debug] [2024-01-07T13:16:12.854Z] <<< [apiv2][body] GET https://api.github.com/repos/repository/actions/secrets/public-key {"message":"Not Found","documentation_url":"https://docs.github.com/rest"}
[info] 
[info] 
[error] !  The provided authorization cannot be used with this repository. If this repository is in an organization, did you remember to grant access? 
[info] 
[info] i  Action required: Visit this URL to ensure access has been granted to the appropriate organization(s) for the Firebase CLI GitHub OAuth App: 
[info] https://github.com/settings/connections/applications/89cf50f02ac6aaed3484
[info] 
